mode: set
github.com/howood/xmlpointer/xmlpointer.go:17.64,18.43 1 1
github.com/howood/xmlpointer/xmlpointer.go:19.14,21.17 2 1
github.com/howood/xmlpointer/xmlpointer.go:24.3,24.32 1 1
github.com/howood/xmlpointer/xmlpointer.go:25.14,27.17 2 1
github.com/howood/xmlpointer/xmlpointer.go:30.3,30.32 1 1
github.com/howood/xmlpointer/xmlpointer.go:31.10,32.43 1 0
github.com/howood/xmlpointer/xmlpointer.go:21.17,23.4 1 1
github.com/howood/xmlpointer/xmlpointer.go:27.17,29.4 1 1
github.com/howood/xmlpointer/xmlpointer.go:37.62,38.16 1 1
github.com/howood/xmlpointer/xmlpointer.go:41.2,43.33 3 1
github.com/howood/xmlpointer/xmlpointer.go:50.2,50.21 1 1
github.com/howood/xmlpointer/xmlpointer.go:38.16,40.3 1 1
github.com/howood/xmlpointer/xmlpointer.go:43.33,46.17 3 1
github.com/howood/xmlpointer/xmlpointer.go:46.17,48.4 1 1
github.com/howood/xmlpointer/xmlpointer.go:54.90,55.29 1 1
github.com/howood/xmlpointer/xmlpointer.go:56.30,57.31 1 1
github.com/howood/xmlpointer/xmlpointer.go:60.3,60.50 1 1
github.com/howood/xmlpointer/xmlpointer.go:61.21,63.24 2 1
github.com/howood/xmlpointer/xmlpointer.go:70.3,70.18 1 1
github.com/howood/xmlpointer/xmlpointer.go:71.10,72.50 1 0
github.com/howood/xmlpointer/xmlpointer.go:57.31,59.4 1 1
github.com/howood/xmlpointer/xmlpointer.go:63.24,65.18 2 1
github.com/howood/xmlpointer/xmlpointer.go:68.4,68.26 1 1
github.com/howood/xmlpointer/xmlpointer.go:65.18,67.5 1 1
